app/build/intermediates/manifest_merge_blame_file/debug/manifest-merger-blame-debug-report.txt
1<?xml version="1.0" encoding="utf-8"?>
2<manifest xmlns:android="http://schemas.android.com/apk/res/android"
3    package="com.sevenminuteworkout"
4    android:versionCode="1"
5    android:versionName="1.0" >
6
7    <uses-sdk
8        android:minSdkVersion="21"
8-->src\main\AndroidManifest.xml
9        android:targetSdkVersion="32" />
9-->src\main\AndroidManifest.xml
10
11    <application
11-->src\main\AndroidManifest.xml:6:5-42:19
12        android:name="com.sevenminuteworkout.WorkOutApp"
12-->src\main\AndroidManifest.xml:8:9-35
13        android:allowBackup="true"
13-->src\main\AndroidManifest.xml:7:9-35
14        android:appComponentFactory="androidx.core.app.CoreComponentFactory"
14-->[androidx.core:core:1.2.0] AndroidManifest.xml:24:18-86
15        android:debuggable="true"
16        android:icon="@mipmap/ic_launcher"
16-->src\main\AndroidManifest.xml:9:9-43
17        android:label="@string/app_name"
17-->src\main\AndroidManifest.xml:10:9-41
18        android:roundIcon="@mipmap/ic_launcher_round"
18-->src\main\AndroidManifest.xml:11:9-54
19        android:supportsRtl="true"
19-->src\main\AndroidManifest.xml:12:9-35
20        android:testOnly="true"
21        android:theme="@style/AppTheme" >
21-->src\main\AndroidManifest.xml:13:9-40
22        <activity
22-->src\main\AndroidManifest.xml:15:9-17:40
23            android:name="com.sevenminuteworkout.HistoryActivity"
23-->src\main\AndroidManifest.xml:16:13-44
24            android:exported="false" />
24-->src\main\AndroidManifest.xml:17:13-37
25        <activity
25-->src\main\AndroidManifest.xml:18:9-21:58
26            android:name="com.sevenminuteworkout.bmiActivity"
26-->src\main\AndroidManifest.xml:19:13-40
27            android:exported="false"
27-->src\main\AndroidManifest.xml:20:13-37
28            android:windowSoftInputMode="adjustResize" />
28-->src\main\AndroidManifest.xml:21:13-55
29        <activity
29-->src\main\AndroidManifest.xml:22:9-24:40
30            android:name="com.sevenminuteworkout.finish"
30-->src\main\AndroidManifest.xml:23:13-35
31            android:exported="false" />
31-->src\main\AndroidManifest.xml:24:13-37
32        <activity
32-->src\main\AndroidManifest.xml:25:9-36:20
33            android:name="com.sevenminuteworkout.MainActivity"
33-->src\main\AndroidManifest.xml:26:13-41
34            android:exported="true"
34-->src\main\AndroidManifest.xml:27:13-36
35            android:label="@string/app_name"
35-->src\main\AndroidManifest.xml:28:13-45
36            android:screenOrientation="portrait"
36-->src\main\AndroidManifest.xml:29:13-49
37            android:theme="@style/Theme.AppCompat.Light.NoActionBar" >
37-->src\main\AndroidManifest.xml:30:13-69
38            <intent-filter>
38-->src\main\AndroidManifest.xml:31:13-35:29
39                <action android:name="android.intent.action.MAIN" />
39-->src\main\AndroidManifest.xml:32:17-69
39-->src\main\AndroidManifest.xml:32:25-66
40
41                <category android:name="android.intent.category.LAUNCHER" />
41-->src\main\AndroidManifest.xml:34:17-77
41-->src\main\AndroidManifest.xml:34:27-74
42            </intent-filter>
43        </activity> <!-- TODO(Step 2 - This is added by Default when you create new Activity and can be modified as per your requirement.) -->
44        <!-- START -->
45        <activity
45-->src\main\AndroidManifest.xml:38:9-41:72
46            android:name="com.sevenminuteworkout.ExerciseActivity"
46-->src\main\AndroidManifest.xml:39:13-45
47            android:screenOrientation="portrait"
47-->src\main\AndroidManifest.xml:40:13-49
48            android:theme="@style/Theme.AppCompat.Light.NoActionBar" />
48-->src\main\AndroidManifest.xml:41:13-69
49
50        <service
50-->[androidx.room:room-runtime:2.3.0] AndroidManifest.xml:25:9-28:40
51            android:name="androidx.room.MultiInstanceInvalidationService"
51-->[androidx.room:room-runtime:2.3.0] AndroidManifest.xml:26:13-74
52            android:directBootAware="true"
52-->[androidx.room:room-runtime:2.3.0] AndroidManifest.xml:27:13-43
53            android:exported="false" />
53-->[androidx.room:room-runtime:2.3.0] AndroidManifest.xml:28:13-37
54    </application>
55
56</manifest>